[INFO] [2017-09-27 11:05:31][com.zhuo.common.PropertyUtil]开始加载properties文件......
[INFO] [2017-09-27 11:05:31][com.zhuo.common.PropertyUtil]read from file: 
[INFO] [2017-09-27 11:06:16][com.zhuo.common.PropertyUtil]开始加载properties文件......
[INFO] [2017-09-27 11:06:17][com.zhuo.common.PropertyUtil]read from file: 
[INFO] [2017-09-27 11:06:39][com.zhuo.common.PropertyUtil]开始加载properties文件......
[INFO] [2017-09-27 11:06:39][com.zhuo.common.PropertyUtil]read from file: /jdbc.properties
[INFO] [2017-09-27 11:07:19][com.zhuo.common.PropertyUtil]开始加载properties文件......
[INFO] [2017-09-27 11:07:19][com.zhuo.common.PropertyUtil]read from file: /jdbc.properties
[INFO] [2017-09-27 11:07:25][com.zhuo.common.PropertyUtil]开始加载properties文件......
[INFO] [2017-09-27 11:07:25][com.zhuo.common.PropertyUtil]read from file: /jdbc.properties
[INFO] [2017-09-27 11:07:42][com.zhuo.common.PropertyUtil]开始加载properties文件......
[ERROR] [2017-09-27 11:07:42][com.zhuo.common.PropertyUtil]not find file: /jdbc.propertie11s
[INFO] [2017-09-27 11:08:03][com.zhuo.common.PropertyUtil]开始加载properties文件......
[ERROR] [2017-09-27 11:08:03][com.zhuo.common.PropertyUtil]not find file: /jdbc.propertie11s
[INFO] [2017-09-27 11:08:13][com.zhuo.common.PropertyUtil]开始加载properties文件......
[ERROR] [2017-09-27 11:08:13][com.zhuo.common.PropertyUtil]not find file: /jdbc.propertie11s
[INFO] [2017-09-27 11:10:03][com.zhuo.common.PropertyUtil]开始加载properties文件......
[ERROR] [2017-09-27 11:10:03][com.zhuo.common.PropertyUtil]not find file: jdbc.propertie11s
[INFO] [2017-09-27 11:11:01][com.zhuo.common.PropertyUtil]开始加载properties文件......
[INFO] [2017-09-27 11:11:01][com.zhuo.common.PropertyUtil]读取文件: /jdbc.properties
[INFO] [2017-09-27 12:00:48][com.zhuo.common.PropertyUtil]开始加载properties文件......
[INFO] [2017-09-27 12:00:48][com.zhuo.common.PropertyUtil]读取文件: /weburl.properties
[INFO] [2017-09-27 12:01:03][com.zhuo.common.PropertyUtil]开始加载properties文件......
[INFO] [2017-09-27 12:01:03][com.zhuo.common.PropertyUtil]读取文件: /weburl.properties
[INFO] [2017-09-27 12:01:23][com.zhuo.common.PropertyUtil]开始加载properties文件......
[INFO] [2017-09-27 12:01:23][com.zhuo.common.PropertyUtil]读取文件: /weburl.properties
[INFO] [2017-09-27 12:01:40][com.zhuo.common.PropertyUtil]开始加载properties文件......
[INFO] [2017-09-27 12:01:40][com.zhuo.common.PropertyUtil]读取文件: /weburl.properties
[INFO] [2017-09-27 12:03:11][com.zhuo.common.PropertyUtil]开始加载properties文件......
[INFO] [2017-09-27 12:03:11][com.zhuo.common.PropertyUtil]读取文件: /weburl.properties
[INFO] [2017-09-27 12:03:33][com.zhuo.common.PropertyUtil]开始加载properties文件......
[INFO] [2017-09-27 12:03:33][com.zhuo.common.PropertyUtil]读取文件: /weburl.properties
[INFO] [2017-09-27 12:46:18][com.zhuo.common.PropertyUtil]开始加载properties文件......
[INFO] [2017-09-27 12:46:18][com.zhuo.common.PropertyUtil]读取文件: /weburl.properties
[INFO] [2017-09-27 12:46:27][com.zhuo.common.PropertyUtil]开始加载properties文件......
[INFO] [2017-09-27 12:46:27][com.zhuo.common.PropertyUtil]读取文件: /weburl.properties
[INFO] [2017-09-27 12:46:53][com.zhuo.common.PropertyUtil]开始加载properties文件......
[INFO] [2017-09-27 12:46:53][com.zhuo.common.PropertyUtil]读取文件: /weburl.properties
[INFO] [2017-09-27 12:50:49][com.zhuo.common.PropertyUtil]开始加载properties文件......
[INFO] [2017-09-27 12:50:49][com.zhuo.common.PropertyUtil]读取文件: /weburl.properties
[INFO] [2017-09-27 12:51:24][com.zhuo.common.PropertyUtil]开始加载properties文件......
[INFO] [2017-09-27 12:51:24][com.zhuo.common.PropertyUtil]读取文件: /weburl.properties
[INFO] [2017-09-27 12:51:51][com.zhuo.common.PropertyUtil]开始加载properties文件......
[INFO] [2017-09-27 12:51:51][com.zhuo.common.PropertyUtil]读取文件: /weburl.properties
[INFO] [2017-09-27 12:52:12][com.zhuo.common.PropertyUtil]开始加载properties文件......
[INFO] [2017-09-27 12:52:12][com.zhuo.common.PropertyUtil]读取文件: /weburl.properties
[INFO] [2017-09-27 12:53:08][com.zhuo.common.PropertyUtil]开始加载properties文件......
[INFO] [2017-09-27 12:53:08][com.zhuo.common.PropertyUtil]读取文件: /weburl.properties
[INFO] [2017-09-27 12:54:33][com.zhuo.common.PropertyUtil]开始加载properties文件......
[INFO] [2017-09-27 12:54:33][com.zhuo.common.PropertyUtil]读取文件: /weburl.properties
[INFO] [2017-09-27 12:54:56][com.zhuo.common.PropertyUtil]开始加载properties文件......
[INFO] [2017-09-27 12:54:56][com.zhuo.common.PropertyUtil]读取文件: /weburl.properties
[INFO] [2017-09-27 12:58:44][com.zhuo.common.PropertyUtil]开始加载properties文件......
[INFO] [2017-09-27 12:58:44][com.zhuo.common.PropertyUtil]读取文件: /weburl.properties
[INFO] [2017-09-27 12:59:40][com.zhuo.common.PropertyUtil]开始加载properties文件......
[INFO] [2017-09-27 12:59:40][com.zhuo.common.PropertyUtil]读取文件: /weburl.properties
[INFO] [2017-09-27 13:00:44][com.zhuo.common.PropertyUtil]开始加载properties文件......
[INFO] [2017-09-27 13:00:44][com.zhuo.common.PropertyUtil]读取文件: /weburl.properties
[INFO] [2017-09-27 13:00:59][com.zhuo.common.PropertyUtil]开始加载properties文件......
[INFO] [2017-09-27 13:00:59][com.zhuo.common.PropertyUtil]读取文件: /weburl.properties
[INFO] [2017-09-27 13:06:56][com.zhuo.common.PropertyUtil]开始加载properties文件......
[INFO] [2017-09-27 13:06:56][com.zhuo.common.PropertyUtil]读取文件: /weburl.properties
[INFO] [2017-09-27 13:07:13][com.zhuo.common.PropertyUtil]开始加载properties文件......
[INFO] [2017-09-27 13:07:13][com.zhuo.common.PropertyUtil]读取文件: /weburl.properties
[INFO] [2017-09-27 13:09:35][com.zhuo.common.PropertyUtil]开始加载properties文件......
[INFO] [2017-09-27 13:09:35][com.zhuo.common.PropertyUtil]读取文件: /weburl.properties
[INFO] [2017-09-27 13:11:23][com.zhuo.common.PropertyUtil]开始加载properties文件......
[INFO] [2017-09-27 13:11:23][com.zhuo.common.PropertyUtil]读取文件: /weburl.properties
